<?xml version="1.0" encoding="UTF-8"?>
<coverage generated="1677145741829" clover="3.2.0">
  <project timestamp="1677145741829" name="All files">
    <metrics statements="95" coveredstatements="86" conditionals="17" coveredconditionals="11" methods="48" coveredmethods="42" elements="160" coveredelements="139" complexity="0" loc="95" ncloc="95" packages="2" files="7" classes="7"/>
    <package name="ToDo">
      <metrics statements="94" coveredstatements="85" conditionals="17" coveredconditionals="11" methods="48" coveredmethods="42"/>
      <file name="ToDo.jsx" path="C:\Users\Dell\Desktop\Rectjs-yagnesh\React-co-Buffer\src\ToDo\ToDo.jsx">
        <metrics statements="74" coveredstatements="65" conditionals="17" coveredconditionals="11" methods="36" coveredmethods="30"/>
        <line num="16" count="1" type="stmt"/>
        <line num="20" count="17" type="stmt"/>
        <line num="22" count="17" type="cond" truecount="1" falsecount="0"/>
        <line num="23" count="17" type="cond" truecount="2" falsecount="0"/>
        <line num="26" count="1" type="stmt"/>
        <line num="31" count="0" type="stmt"/>
        <line num="32" count="0" type="cond" truecount="0" falsecount="4"/>
        <line num="33" count="0" type="stmt"/>
        <line num="39" count="0" type="stmt"/>
        <line num="43" count="44" type="stmt"/>
        <line num="44" count="44" type="stmt"/>
        <line num="45" count="44" type="stmt"/>
        <line num="46" count="44" type="stmt"/>
        <line num="48" count="44" type="stmt"/>
        <line num="49" count="13" type="stmt"/>
        <line num="50" count="13" type="stmt"/>
        <line num="51" count="13" type="stmt"/>
        <line num="53" count="13" type="stmt"/>
        <line num="54" count="13" type="cond" truecount="2" falsecount="0"/>
        <line num="55" count="2" type="stmt"/>
        <line num="60" count="13" type="stmt"/>
        <line num="64" count="13" type="stmt"/>
        <line num="65" count="13" type="stmt"/>
        <line num="66" count="13" type="stmt"/>
        <line num="68" count="0" type="stmt"/>
        <line num="72" count="44" type="stmt"/>
        <line num="73" count="1" type="stmt"/>
        <line num="74" count="1" type="stmt"/>
        <line num="75" count="1" type="stmt"/>
        <line num="76" count="1" type="stmt"/>
        <line num="78" count="1" type="stmt"/>
        <line num="83" count="1" type="stmt"/>
        <line num="84" count="1" type="stmt"/>
        <line num="86" count="1" type="stmt"/>
        <line num="88" count="0" type="stmt"/>
        <line num="92" count="44" type="stmt"/>
        <line num="93" count="2" type="stmt"/>
        <line num="94" count="2" type="stmt"/>
        <line num="95" count="2" type="stmt"/>
        <line num="96" count="2" type="stmt"/>
        <line num="102" count="2" type="stmt"/>
        <line num="110" count="2" type="stmt"/>
        <line num="111" count="2" type="stmt"/>
        <line num="112" count="2" type="stmt"/>
        <line num="114" count="2" type="stmt"/>
        <line num="121" count="2" type="stmt"/>
        <line num="127" count="0" type="stmt"/>
        <line num="136" count="44" type="stmt"/>
        <line num="137" count="1" type="stmt"/>
        <line num="138" count="1" type="stmt"/>
        <line num="139" count="1" type="stmt"/>
        <line num="140" count="1" type="stmt"/>
        <line num="145" count="1" type="stmt"/>
        <line num="147" count="1" type="stmt"/>
        <line num="148" count="1" type="stmt"/>
        <line num="149" count="1" type="stmt"/>
        <line num="151" count="1" type="stmt"/>
        <line num="157" count="1" type="stmt"/>
        <line num="163" count="0" type="stmt"/>
        <line num="172" count="44" type="stmt"/>
        <line num="173" count="10" type="stmt"/>
        <line num="176" count="44" type="stmt"/>
        <line num="177" count="44" type="stmt"/>
        <line num="181" count="44" type="stmt"/>
        <line num="182" count="44" type="stmt"/>
        <line num="186" count="44" type="stmt"/>
        <line num="187" count="44" type="stmt"/>
        <line num="191" count="44" type="stmt"/>
        <line num="192" count="44" type="stmt"/>
        <line num="196" count="44" type="cond" truecount="2" falsecount="0"/>
        <line num="197" count="13" type="stmt"/>
        <line num="200" count="31" type="cond" truecount="1" falsecount="1"/>
        <line num="201" count="0" type="stmt"/>
        <line num="204" count="31" type="stmt"/>
      </file>
      <file name="ToDo.scss" path="C:\Users\Dell\Desktop\Rectjs-yagnesh\React-co-Buffer\src\ToDo\ToDo.scss">
        <metrics statements="1" coveredstatements="1" conditionals="0" coveredconditionals="0" methods="0" coveredmethods="0"/>
        <line num="1" count="1" type="stmt"/>
      </file>
      <file name="TodoFilter.jsx" path="C:\Users\Dell\Desktop\Rectjs-yagnesh\React-co-Buffer\src\ToDo\TodoFilter.jsx">
        <metrics statements="5" coveredstatements="5" conditionals="0" coveredconditionals="0" methods="4" coveredmethods="4"/>
        <line num="6" count="23" type="stmt"/>
        <line num="13" count="1" type="stmt"/>
        <line num="22" count="1" type="stmt"/>
        <line num="31" count="1" type="stmt"/>
        <line num="39" count="1" type="stmt"/>
      </file>
      <file name="TodoList.jsx" path="C:\Users\Dell\Desktop\Rectjs-yagnesh\React-co-Buffer\src\ToDo\TodoList.jsx">
        <metrics statements="5" coveredstatements="5" conditionals="0" coveredconditionals="0" methods="4" coveredmethods="4"/>
        <line num="12" count="20" type="stmt"/>
        <line num="15" count="24" type="stmt"/>
        <line num="21" count="2" type="stmt"/>
        <line num="24" count="1" type="stmt"/>
        <line num="32" count="1" type="stmt"/>
      </file>
      <file name="TodoListItem.jsx" path="C:\Users\Dell\Desktop\Rectjs-yagnesh\React-co-Buffer\src\ToDo\TodoListItem.jsx">
        <metrics statements="5" coveredstatements="5" conditionals="0" coveredconditionals="0" methods="3" coveredmethods="3"/>
        <line num="12" count="27" type="stmt"/>
        <line num="28" count="3" type="stmt"/>
        <line num="43" count="2" type="stmt"/>
        <line num="51" count="2" type="stmt"/>
        <line num="71" count="2" type="stmt"/>
      </file>
      <file name="Todoform.jsx" path="C:\Users\Dell\Desktop\Rectjs-yagnesh\React-co-Buffer\src\ToDo\Todoform.jsx">
        <metrics statements="4" coveredstatements="4" conditionals="0" coveredconditionals="0" methods="1" coveredmethods="1"/>
        <line num="4" count="1" type="stmt"/>
        <line num="6" count="25" type="stmt"/>
        <line num="29" count="1" type="stmt"/>
        <line num="38" count="1" type="stmt"/>
      </file>
    </package>
    <package name="ToDo.utils">
      <metrics statements="1" coveredstatements="1" conditionals="0" coveredconditionals="0" methods="0" coveredmethods="0"/>
      <file name="axiosInstance.js" path="C:\Users\Dell\Desktop\Rectjs-yagnesh\React-co-Buffer\src\ToDo\utils\axiosInstance.js">
        <metrics statements="1" coveredstatements="1" conditionals="0" coveredconditionals="0" methods="0" coveredmethods="0"/>
        <line num="3" count="1" type="stmt"/>
      </file>
    </package>
  </project>
</coverage>
