{"C:\\Users\\Dell\\Desktop\\Rectjs-yagnesh\\React-co-Buffer\\src\\ToDo\\ToDo.jsx": {"path":"C:\\Users\\Dell\\Desktop\\Rectjs-yagnesh\\React-co-Buffer\\src\\ToDo\\ToDo.jsx","statementMap":{"0":{"start":{"line":16,"column":21},"end":{"line":20,"column":59}},"1":{"start":{"line":20,"column":6},"end":{"line":20,"column":59}},"2":{"start":{"line":22,"column":21},"end":{"line":24,"column":1}},"3":{"start":{"line":22,"column":61},"end":{"line":24,"column":1}},"4":{"start":{"line":23,"column":9},"end":{"line":23,"column":56}},"5":{"start":{"line":26,"column":19},"end":{"line":40,"column":2}},"6":{"start":{"line":31,"column":6},"end":{"line":40,"column":2}},"7":{"start":{"line":32,"column":2},"end":{"line":38,"column":3}},"8":{"start":{"line":33,"column":4},"end":{"line":37,"column":6}},"9":{"start":{"line":39,"column":2},"end":{"line":39,"column":11}},"10":{"start":{"line":43,"column":34},"end":{"line":43,"column":46}},"11":{"start":{"line":44,"column":42},"end":{"line":44,"column":57}},"12":{"start":{"line":45,"column":34},"end":{"line":45,"column":46}},"13":{"start":{"line":46,"column":22},"end":{"line":46,"column":30}},"14":{"start":{"line":48,"column":19},"end":{"line":70,"column":8}},"15":{"start":{"line":49,"column":17},"end":{"line":49,"column":28}},"16":{"start":{"line":50,"column":4},"end":{"line":69,"column":5}},"17":{"start":{"line":51,"column":6},"end":{"line":51,"column":66}},"18":{"start":{"line":51,"column":27},"end":{"line":51,"column":64}},"19":{"start":{"line":53,"column":19},"end":{"line":53,"column":21}},"20":{"start":{"line":54,"column":6},"end":{"line":58,"column":7}},"21":{"start":{"line":55,"column":8},"end":{"line":57,"column":10}},"22":{"start":{"line":60,"column":18},"end":{"line":62,"column":8}},"23":{"start":{"line":64,"column":6},"end":{"line":64,"column":28}},"24":{"start":{"line":65,"column":6},"end":{"line":65,"column":26}},"25":{"start":{"line":66,"column":6},"end":{"line":66,"column":66}},"26":{"start":{"line":66,"column":27},"end":{"line":66,"column":64}},"27":{"start":{"line":68,"column":6},"end":{"line":68,"column":71}},"28":{"start":{"line":68,"column":27},"end":{"line":68,"column":69}},"29":{"start":{"line":72,"column":18},"end":{"line":90,"column":8}},"30":{"start":{"line":73,"column":4},"end":{"line":73,"column":27}},"31":{"start":{"line":74,"column":17},"end":{"line":74,"column":27}},"32":{"start":{"line":75,"column":4},"end":{"line":89,"column":5}},"33":{"start":{"line":76,"column":6},"end":{"line":76,"column":66}},"34":{"start":{"line":76,"column":27},"end":{"line":76,"column":64}},"35":{"start":{"line":78,"column":18},"end":{"line":81,"column":8}},"36":{"start":{"line":83,"column":6},"end":{"line":83,"column":47}},"37":{"start":{"line":83,"column":27},"end":{"line":83,"column":45}},"38":{"start":{"line":84,"column":6},"end":{"line":84,"column":66}},"39":{"start":{"line":84,"column":27},"end":{"line":84,"column":64}},"40":{"start":{"line":86,"column":6},"end":{"line":86,"column":37}},"41":{"start":{"line":88,"column":6},"end":{"line":88,"column":71}},"42":{"start":{"line":88,"column":27},"end":{"line":88,"column":69}},"43":{"start":{"line":92,"column":21},"end":{"line":134,"column":8}},"44":{"start":{"line":93,"column":17},"end":{"line":93,"column":30}},"45":{"start":{"line":94,"column":22},"end":{"line":94,"column":29}},"46":{"start":{"line":95,"column":4},"end":{"line":133,"column":5}},"47":{"start":{"line":96,"column":6},"end":{"line":100,"column":10}},"48":{"start":{"line":96,"column":27},"end":{"line":100,"column":8}},"49":{"start":{"line":102,"column":18},"end":{"line":108,"column":7}},"50":{"start":{"line":110,"column":6},"end":{"line":119,"column":9}},"51":{"start":{"line":111,"column":22},"end":{"line":113,"column":9}},"52":{"start":{"line":112,"column":17},"end":{"line":112,"column":33}},"53":{"start":{"line":114,"column":8},"end":{"line":118,"column":10}},"54":{"start":{"line":121,"column":6},"end":{"line":125,"column":10}},"55":{"start":{"line":121,"column":27},"end":{"line":125,"column":8}},"56":{"start":{"line":127,"column":6},"end":{"line":132,"column":10}},"57":{"start":{"line":127,"column":27},"end":{"line":132,"column":8}},"58":{"start":{"line":136,"column":21},"end":{"line":170,"column":8}},"59":{"start":{"line":137,"column":17},"end":{"line":137,"column":30}},"60":{"start":{"line":138,"column":22},"end":{"line":138,"column":29}},"61":{"start":{"line":139,"column":4},"end":{"line":169,"column":5}},"62":{"start":{"line":140,"column":6},"end":{"line":144,"column":10}},"63":{"start":{"line":140,"column":27},"end":{"line":144,"column":8}},"64":{"start":{"line":145,"column":6},"end":{"line":145,"column":56}},"65":{"start":{"line":147,"column":6},"end":{"line":155,"column":9}},"66":{"start":{"line":148,"column":22},"end":{"line":150,"column":9}},"67":{"start":{"line":149,"column":17},"end":{"line":149,"column":33}},"68":{"start":{"line":151,"column":8},"end":{"line":154,"column":10}},"69":{"start":{"line":157,"column":6},"end":{"line":161,"column":10}},"70":{"start":{"line":157,"column":27},"end":{"line":161,"column":8}},"71":{"start":{"line":163,"column":6},"end":{"line":168,"column":10}},"72":{"start":{"line":163,"column":27},"end":{"line":168,"column":8}},"73":{"start":{"line":172,"column":2},"end":{"line":174,"column":17}},"74":{"start":{"line":173,"column":4},"end":{"line":173,"column":20}},"75":{"start":{"line":176,"column":24},"end":{"line":179,"column":3}},"76":{"start":{"line":177,"column":10},"end":{"line":177,"column":54}},"77":{"start":{"line":177,"column":31},"end":{"line":177,"column":53}},"78":{"start":{"line":181,"column":23},"end":{"line":184,"column":3}},"79":{"start":{"line":182,"column":10},"end":{"line":182,"column":53}},"80":{"start":{"line":182,"column":31},"end":{"line":182,"column":52}},"81":{"start":{"line":186,"column":26},"end":{"line":189,"column":3}},"82":{"start":{"line":187,"column":10},"end":{"line":187,"column":58}},"83":{"start":{"line":187,"column":33},"end":{"line":187,"column":57}},"84":{"start":{"line":191,"column":26},"end":{"line":194,"column":3}},"85":{"start":{"line":192,"column":10},"end":{"line":192,"column":58}},"86":{"start":{"line":192,"column":33},"end":{"line":192,"column":57}},"87":{"start":{"line":196,"column":2},"end":{"line":198,"column":3}},"88":{"start":{"line":197,"column":4},"end":{"line":197,"column":31}},"89":{"start":{"line":200,"column":2},"end":{"line":202,"column":3}},"90":{"start":{"line":201,"column":4},"end":{"line":201,"column":44}},"91":{"start":{"line":204,"column":2},"end":{"line":228,"column":4}}},"fnMap":{"0":{"name":"(anonymous_0)","decl":{"start":{"line":16,"column":21},"end":{"line":16,"column":22}},"loc":{"start":{"line":20,"column":6},"end":{"line":20,"column":59}},"line":20},"1":{"name":"(anonymous_1)","decl":{"start":{"line":22,"column":21},"end":{"line":22,"column":22}},"loc":{"start":{"line":22,"column":61},"end":{"line":24,"column":1}},"line":22},"2":{"name":"(anonymous_2)","decl":{"start":{"line":23,"column":2},"end":{"line":23,"column":3}},"loc":{"start":{"line":23,"column":9},"end":{"line":23,"column":56}},"line":23},"3":{"name":"(anonymous_3)","decl":{"start":{"line":26,"column":19},"end":{"line":26,"column":20}},"loc":{"start":{"line":31,"column":6},"end":{"line":40,"column":2}},"line":31},"4":{"name":"(anonymous_4)","decl":{"start":{"line":31,"column":19},"end":{"line":31,"column":20}},"loc":{"start":{"line":31,"column":26},"end":{"line":40,"column":1}},"line":31},"5":{"name":"App","decl":{"start":{"line":42,"column":24},"end":{"line":42,"column":27}},"loc":{"start":{"line":42,"column":30},"end":{"line":229,"column":1}},"line":42},"6":{"name":"(anonymous_6)","decl":{"start":{"line":48,"column":31},"end":{"line":48,"column":32}},"loc":{"start":{"line":48,"column":45},"end":{"line":70,"column":3}},"line":48},"7":{"name":"(anonymous_7)","decl":{"start":{"line":51,"column":18},"end":{"line":51,"column":19}},"loc":{"start":{"line":51,"column":27},"end":{"line":51,"column":64}},"line":51},"8":{"name":"(anonymous_8)","decl":{"start":{"line":66,"column":18},"end":{"line":66,"column":19}},"loc":{"start":{"line":66,"column":27},"end":{"line":66,"column":64}},"line":66},"9":{"name":"(anonymous_9)","decl":{"start":{"line":68,"column":18},"end":{"line":68,"column":19}},"loc":{"start":{"line":68,"column":27},"end":{"line":68,"column":69}},"line":68},"10":{"name":"(anonymous_10)","decl":{"start":{"line":72,"column":30},"end":{"line":72,"column":31}},"loc":{"start":{"line":72,"column":47},"end":{"line":90,"column":3}},"line":72},"11":{"name":"(anonymous_11)","decl":{"start":{"line":76,"column":18},"end":{"line":76,"column":19}},"loc":{"start":{"line":76,"column":27},"end":{"line":76,"column":64}},"line":76},"12":{"name":"(anonymous_12)","decl":{"start":{"line":83,"column":18},"end":{"line":83,"column":19}},"loc":{"start":{"line":83,"column":27},"end":{"line":83,"column":45}},"line":83},"13":{"name":"(anonymous_13)","decl":{"start":{"line":84,"column":18},"end":{"line":84,"column":19}},"loc":{"start":{"line":84,"column":27},"end":{"line":84,"column":64}},"line":84},"14":{"name":"(anonymous_14)","decl":{"start":{"line":88,"column":18},"end":{"line":88,"column":19}},"loc":{"start":{"line":88,"column":27},"end":{"line":88,"column":69}},"line":88},"15":{"name":"(anonymous_15)","decl":{"start":{"line":92,"column":33},"end":{"line":92,"column":34}},"loc":{"start":{"line":92,"column":49},"end":{"line":134,"column":3}},"line":92},"16":{"name":"(anonymous_16)","decl":{"start":{"line":96,"column":18},"end":{"line":96,"column":19}},"loc":{"start":{"line":96,"column":27},"end":{"line":100,"column":8}},"line":96},"17":{"name":"(anonymous_17)","decl":{"start":{"line":110,"column":18},"end":{"line":110,"column":19}},"loc":{"start":{"line":110,"column":27},"end":{"line":119,"column":7}},"line":110},"18":{"name":"(anonymous_18)","decl":{"start":{"line":112,"column":10},"end":{"line":112,"column":11}},"loc":{"start":{"line":112,"column":17},"end":{"line":112,"column":33}},"line":112},"19":{"name":"(anonymous_19)","decl":{"start":{"line":121,"column":18},"end":{"line":121,"column":19}},"loc":{"start":{"line":121,"column":27},"end":{"line":125,"column":8}},"line":121},"20":{"name":"(anonymous_20)","decl":{"start":{"line":127,"column":18},"end":{"line":127,"column":19}},"loc":{"start":{"line":127,"column":27},"end":{"line":132,"column":8}},"line":127},"21":{"name":"(anonymous_21)","decl":{"start":{"line":136,"column":33},"end":{"line":136,"column":34}},"loc":{"start":{"line":136,"column":49},"end":{"line":170,"column":3}},"line":136},"22":{"name":"(anonymous_22)","decl":{"start":{"line":140,"column":18},"end":{"line":140,"column":19}},"loc":{"start":{"line":140,"column":27},"end":{"line":144,"column":8}},"line":140},"23":{"name":"(anonymous_23)","decl":{"start":{"line":147,"column":18},"end":{"line":147,"column":19}},"loc":{"start":{"line":147,"column":27},"end":{"line":155,"column":7}},"line":147},"24":{"name":"(anonymous_24)","decl":{"start":{"line":149,"column":10},"end":{"line":149,"column":11}},"loc":{"start":{"line":149,"column":17},"end":{"line":149,"column":33}},"line":149},"25":{"name":"(anonymous_25)","decl":{"start":{"line":157,"column":18},"end":{"line":157,"column":19}},"loc":{"start":{"line":157,"column":27},"end":{"line":161,"column":8}},"line":157},"26":{"name":"(anonymous_26)","decl":{"start":{"line":163,"column":18},"end":{"line":163,"column":19}},"loc":{"start":{"line":163,"column":27},"end":{"line":168,"column":8}},"line":163},"27":{"name":"(anonymous_27)","decl":{"start":{"line":172,"column":12},"end":{"line":172,"column":13}},"loc":{"start":{"line":172,"column":18},"end":{"line":174,"column":3}},"line":172},"28":{"name":"(anonymous_28)","decl":{"start":{"line":177,"column":4},"end":{"line":177,"column":5}},"loc":{"start":{"line":177,"column":10},"end":{"line":177,"column":54}},"line":177},"29":{"name":"(anonymous_29)","decl":{"start":{"line":177,"column":24},"end":{"line":177,"column":25}},"loc":{"start":{"line":177,"column":31},"end":{"line":177,"column":53}},"line":177},"30":{"name":"(anonymous_30)","decl":{"start":{"line":182,"column":4},"end":{"line":182,"column":5}},"loc":{"start":{"line":182,"column":10},"end":{"line":182,"column":53}},"line":182},"31":{"name":"(anonymous_31)","decl":{"start":{"line":182,"column":24},"end":{"line":182,"column":25}},"loc":{"start":{"line":182,"column":31},"end":{"line":182,"column":52}},"line":182},"32":{"name":"(anonymous_32)","decl":{"start":{"line":187,"column":4},"end":{"line":187,"column":5}},"loc":{"start":{"line":187,"column":10},"end":{"line":187,"column":58}},"line":187},"33":{"name":"(anonymous_33)","decl":{"start":{"line":187,"column":26},"end":{"line":187,"column":27}},"loc":{"start":{"line":187,"column":33},"end":{"line":187,"column":57}},"line":187},"34":{"name":"(anonymous_34)","decl":{"start":{"line":192,"column":4},"end":{"line":192,"column":5}},"loc":{"start":{"line":192,"column":10},"end":{"line":192,"column":58}},"line":192},"35":{"name":"(anonymous_35)","decl":{"start":{"line":192,"column":26},"end":{"line":192,"column":27}},"loc":{"start":{"line":192,"column":33},"end":{"line":192,"column":57}},"line":192}},"branchMap":{"0":{"loc":{"start":{"line":19,"column":2},"end":{"line":19,"column":16}},"type":"default-arg","locations":[{"start":{"line":19,"column":14},"end":{"line":19,"column":16}}],"line":19},"1":{"loc":{"start":{"line":22,"column":40},"end":{"line":22,"column":54}},"type":"default-arg","locations":[{"start":{"line":22,"column":52},"end":{"line":22,"column":54}}],"line":22},"2":{"loc":{"start":{"line":23,"column":11},"end":{"line":23,"column":55}},"type":"binary-expr","locations":[{"start":{"line":23,"column":11},"end":{"line":23,"column":26}},{"start":{"line":23,"column":30},"end":{"line":23,"column":55}}],"line":23},"3":{"loc":{"start":{"line":30,"column":2},"end":{"line":30,"column":16}},"type":"default-arg","locations":[{"start":{"line":30,"column":14},"end":{"line":30,"column":16}}],"line":30},"4":{"loc":{"start":{"line":32,"column":2},"end":{"line":38,"column":3}},"type":"if","locations":[{"start":{"line":32,"column":2},"end":{"line":38,"column":3}},{"start":{},"end":{}}],"line":32},"5":{"loc":{"start":{"line":32,"column":6},"end":{"line":32,"column":50}},"type":"binary-expr","locations":[{"start":{"line":32,"column":6},"end":{"line":32,"column":21}},{"start":{"line":32,"column":25},"end":{"line":32,"column":50}}],"line":32},"6":{"loc":{"start":{"line":54,"column":6},"end":{"line":58,"column":7}},"type":"if","locations":[{"start":{"line":54,"column":6},"end":{"line":58,"column":7}},{"start":{},"end":{}}],"line":54},"7":{"loc":{"start":{"line":196,"column":2},"end":{"line":198,"column":3}},"type":"if","locations":[{"start":{"line":196,"column":2},"end":{"line":198,"column":3}},{"start":{},"end":{}}],"line":196},"8":{"loc":{"start":{"line":200,"column":2},"end":{"line":202,"column":3}},"type":"if","locations":[{"start":{"line":200,"column":2},"end":{"line":202,"column":3}},{"start":{},"end":{}}],"line":200},"9":{"loc":{"start":{"line":213,"column":9},"end":{"line":221,"column":9}},"type":"binary-expr","locations":[{"start":{"line":213,"column":9},"end":{"line":213,"column":28}},{"start":{"line":214,"column":10},"end":{"line":220,"column":12}}],"line":213}},"s":{"0":1,"1":17,"2":1,"3":17,"4":17,"5":1,"6":0,"7":0,"8":0,"9":0,"10":44,"11":44,"12":44,"13":44,"14":44,"15":13,"16":13,"17":13,"18":13,"19":13,"20":13,"21":2,"22":13,"23":13,"24":13,"25":13,"26":13,"27":0,"28":0,"29":44,"30":1,"31":1,"32":1,"33":1,"34":1,"35":1,"36":1,"37":1,"38":1,"39":1,"40":1,"41":0,"42":0,"43":44,"44":2,"45":2,"46":2,"47":2,"48":2,"49":2,"50":2,"51":2,"52":2,"53":2,"54":2,"55":2,"56":0,"57":0,"58":44,"59":1,"60":1,"61":1,"62":1,"63":1,"64":1,"65":1,"66":1,"67":1,"68":1,"69":1,"70":1,"71":0,"72":0,"73":44,"74":10,"75":44,"76":44,"77":17,"78":44,"79":44,"80":17,"81":44,"82":44,"83":17,"84":44,"85":44,"86":17,"87":44,"88":13,"89":31,"90":0,"91":31},"f":{"0":17,"1":17,"2":17,"3":0,"4":0,"5":44,"6":13,"7":13,"8":13,"9":0,"10":1,"11":1,"12":1,"13":1,"14":0,"15":2,"16":2,"17":2,"18":2,"19":2,"20":0,"21":1,"22":1,"23":1,"24":1,"25":1,"26":0,"27":10,"28":44,"29":17,"30":44,"31":17,"32":44,"33":17,"34":44,"35":17},"b":{"0":[14],"1":[14],"2":[17,17],"3":[0],"4":[0,0],"5":[0,0],"6":[2,11],"7":[13,31],"8":[0,31],"9":[31,20]},"_coverageSchema":"1a1c01bbd47fc00a2c39e90264f33305004495a9","hash":"2fd452cf7528acbd0066a94825c9dc31ad484463"}
,"C:\\Users\\Dell\\Desktop\\Rectjs-yagnesh\\React-co-Buffer\\src\\ToDo\\ToDo.scss": {"path":"C:\\Users\\Dell\\Desktop\\Rectjs-yagnesh\\React-co-Buffer\\src\\ToDo\\ToDo.scss","statementMap":{"0":{"start":{"line":1,"column":0},"end":{"line":1,"column":20}}},"fnMap":{},"branchMap":{},"s":{"0":1},"f":{},"b":{},"_coverageSchema":"1a1c01bbd47fc00a2c39e90264f33305004495a9","hash":"060ba304eb8fabf1eed30450f409c167f57c018d"}
,"C:\\Users\\Dell\\Desktop\\Rectjs-yagnesh\\React-co-Buffer\\src\\ToDo\\TodoFilter.jsx": {"path":"C:\\Users\\Dell\\Desktop\\Rectjs-yagnesh\\React-co-Buffer\\src\\ToDo\\TodoFilter.jsx","statementMap":{"0":{"start":{"line":6,"column":2},"end":{"line":36,"column":4}},"1":{"start":{"line":13,"column":23},"end":{"line":13,"column":40}},"2":{"start":{"line":22,"column":23},"end":{"line":22,"column":44}},"3":{"start":{"line":31,"column":23},"end":{"line":31,"column":46}},"4":{"start":{"line":39,"column":0},"end":{"line":46,"column":2}}},"fnMap":{"0":{"name":"TodoFilter","decl":{"start":{"line":5,"column":9},"end":{"line":5,"column":19}},"loc":{"start":{"line":5,"column":50},"end":{"line":37,"column":1}},"line":5},"1":{"name":"(anonymous_1)","decl":{"start":{"line":13,"column":17},"end":{"line":13,"column":18}},"loc":{"start":{"line":13,"column":23},"end":{"line":13,"column":40}},"line":13},"2":{"name":"(anonymous_2)","decl":{"start":{"line":22,"column":17},"end":{"line":22,"column":18}},"loc":{"start":{"line":22,"column":23},"end":{"line":22,"column":44}},"line":22},"3":{"name":"(anonymous_3)","decl":{"start":{"line":31,"column":17},"end":{"line":31,"column":18}},"loc":{"start":{"line":31,"column":23},"end":{"line":31,"column":46}},"line":31}},"branchMap":{},"s":{"0":23,"1":1,"2":1,"3":1,"4":1},"f":{"0":23,"1":1,"2":1,"3":1},"b":{},"_coverageSchema":"1a1c01bbd47fc00a2c39e90264f33305004495a9","hash":"4aa882aef786e4b9a0c790ffe1cf797f4f658f6d"}
,"C:\\Users\\Dell\\Desktop\\Rectjs-yagnesh\\React-co-Buffer\\src\\ToDo\\TodoList.jsx": {"path":"C:\\Users\\Dell\\Desktop\\Rectjs-yagnesh\\React-co-Buffer\\src\\ToDo\\TodoList.jsx","statementMap":{"0":{"start":{"line":12,"column":2},"end":{"line":29,"column":4}},"1":{"start":{"line":15,"column":8},"end":{"line":26,"column":10}},"2":{"start":{"line":21,"column":19},"end":{"line":21,"column":39}},"3":{"start":{"line":24,"column":19},"end":{"line":24,"column":39}},"4":{"start":{"line":32,"column":0},"end":{"line":56,"column":2}}},"fnMap":{"0":{"name":"TodoList","decl":{"start":{"line":5,"column":9},"end":{"line":5,"column":17}},"loc":{"start":{"line":11,"column":3},"end":{"line":30,"column":1}},"line":11},"1":{"name":"(anonymous_1)","decl":{"start":{"line":14,"column":20},"end":{"line":14,"column":21}},"loc":{"start":{"line":15,"column":8},"end":{"line":26,"column":10}},"line":15},"2":{"name":"(anonymous_2)","decl":{"start":{"line":21,"column":12},"end":{"line":21,"column":13}},"loc":{"start":{"line":21,"column":19},"end":{"line":21,"column":39}},"line":21},"3":{"name":"(anonymous_3)","decl":{"start":{"line":24,"column":12},"end":{"line":24,"column":13}},"loc":{"start":{"line":24,"column":19},"end":{"line":24,"column":39}},"line":24}},"branchMap":{},"s":{"0":20,"1":24,"2":2,"3":1,"4":1},"f":{"0":20,"1":24,"2":2,"3":1},"b":{},"_coverageSchema":"1a1c01bbd47fc00a2c39e90264f33305004495a9","hash":"18cc9b70dbd9db3c8dda615b7ab40a2e8d0e0e8b"}
,"C:\\Users\\Dell\\Desktop\\Rectjs-yagnesh\\React-co-Buffer\\src\\ToDo\\TodoListItem.jsx": {"path":"C:\\Users\\Dell\\Desktop\\Rectjs-yagnesh\\React-co-Buffer\\src\\ToDo\\TodoListItem.jsx","statementMap":{"0":{"start":{"line":12,"column":2},"end":{"line":48,"column":4}},"1":{"start":{"line":28,"column":26},"end":{"line":28,"column":42}},"2":{"start":{"line":43,"column":23},"end":{"line":43,"column":39}},"3":{"start":{"line":51,"column":0},"end":{"line":69,"column":2}},"4":{"start":{"line":71,"column":0},"end":{"line":74,"column":2}}},"fnMap":{"0":{"name":"TodoListItem","decl":{"start":{"line":5,"column":9},"end":{"line":5,"column":21}},"loc":{"start":{"line":11,"column":3},"end":{"line":49,"column":1}},"line":11},"1":{"name":"(anonymous_1)","decl":{"start":{"line":28,"column":20},"end":{"line":28,"column":21}},"loc":{"start":{"line":28,"column":26},"end":{"line":28,"column":42}},"line":28},"2":{"name":"(anonymous_2)","decl":{"start":{"line":43,"column":17},"end":{"line":43,"column":18}},"loc":{"start":{"line":43,"column":23},"end":{"line":43,"column":39}},"line":43}},"branchMap":{},"s":{"0":27,"1":3,"2":2,"3":2,"4":2},"f":{"0":27,"1":3,"2":2},"b":{},"_coverageSchema":"1a1c01bbd47fc00a2c39e90264f33305004495a9","hash":"465de7ac75a3c7c282f55d5988a7fc6953cc177d"}
,"C:\\Users\\Dell\\Desktop\\Rectjs-yagnesh\\React-co-Buffer\\src\\ToDo\\Todoform.jsx": {"path":"C:\\Users\\Dell\\Desktop\\Rectjs-yagnesh\\React-co-Buffer\\src\\ToDo\\Todoform.jsx","statementMap":{"0":{"start":{"line":4,"column":17},"end":{"line":27,"column":1}},"1":{"start":{"line":6,"column":4},"end":{"line":25,"column":11}},"2":{"start":{"line":29,"column":0},"end":{"line":36,"column":2}},"3":{"start":{"line":38,"column":0},"end":{"line":40,"column":2}}},"fnMap":{"0":{"name":"(anonymous_0)","decl":{"start":{"line":5,"column":2},"end":{"line":5,"column":3}},"loc":{"start":{"line":6,"column":4},"end":{"line":25,"column":11}},"line":6}},"branchMap":{},"s":{"0":1,"1":25,"2":1,"3":1},"f":{"0":25},"b":{},"_coverageSchema":"1a1c01bbd47fc00a2c39e90264f33305004495a9","hash":"86d425eaf22a65cc7c11a27a1bc0a5b7e72c6956"}
,"C:\\Users\\Dell\\Desktop\\Rectjs-yagnesh\\React-co-Buffer\\src\\ToDo\\utils\\axiosInstance.js": {"path":"C:\\Users\\Dell\\Desktop\\Rectjs-yagnesh\\React-co-Buffer\\src\\ToDo\\utils\\axiosInstance.js","statementMap":{"0":{"start":{"line":3,"column":22},"end":{"line":7,"column":2}}},"fnMap":{},"branchMap":{},"s":{"0":1},"f":{},"b":{},"_coverageSchema":"1a1c01bbd47fc00a2c39e90264f33305004495a9","hash":"da808f329755fca92f9de7491e2b8de3b967a64b"}
}
