TN:
SF:src\ToDo\ToDo.jsx
FN:16,(anonymous_0)
FN:22,(anonymous_1)
FN:23,(anonymous_2)
FN:26,(anonymous_3)
FN:31,(anonymous_4)
FN:42,App
FN:48,(anonymous_6)
FN:51,(anonymous_7)
FN:66,(anonymous_8)
FN:68,(anonymous_9)
FN:72,(anonymous_10)
FN:76,(anonymous_11)
FN:83,(anonymous_12)
FN:84,(anonymous_13)
FN:88,(anonymous_14)
FN:92,(anonymous_15)
FN:96,(anonymous_16)
FN:110,(anonymous_17)
FN:112,(anonymous_18)
FN:121,(anonymous_19)
FN:127,(anonymous_20)
FN:136,(anonymous_21)
FN:140,(anonymous_22)
FN:147,(anonymous_23)
FN:149,(anonymous_24)
FN:157,(anonymous_25)
FN:163,(anonymous_26)
FN:172,(anonymous_27)
FN:177,(anonymous_28)
FN:177,(anonymous_29)
FN:182,(anonymous_30)
FN:182,(anonymous_31)
FN:187,(anonymous_32)
FN:187,(anonymous_33)
FN:192,(anonymous_34)
FN:192,(anonymous_35)
FNF:36
FNH:30
FNDA:17,(anonymous_0)
FNDA:17,(anonymous_1)
FNDA:17,(anonymous_2)
FNDA:0,(anonymous_3)
FNDA:0,(anonymous_4)
FNDA:44,App
FNDA:13,(anonymous_6)
FNDA:13,(anonymous_7)
FNDA:13,(anonymous_8)
FNDA:0,(anonymous_9)
FNDA:1,(anonymous_10)
FNDA:1,(anonymous_11)
FNDA:1,(anonymous_12)
FNDA:1,(anonymous_13)
FNDA:0,(anonymous_14)
FNDA:2,(anonymous_15)
FNDA:2,(anonymous_16)
FNDA:2,(anonymous_17)
FNDA:2,(anonymous_18)
FNDA:2,(anonymous_19)
FNDA:0,(anonymous_20)
FNDA:1,(anonymous_21)
FNDA:1,(anonymous_22)
FNDA:1,(anonymous_23)
FNDA:1,(anonymous_24)
FNDA:1,(anonymous_25)
FNDA:0,(anonymous_26)
FNDA:10,(anonymous_27)
FNDA:44,(anonymous_28)
FNDA:17,(anonymous_29)
FNDA:44,(anonymous_30)
FNDA:17,(anonymous_31)
FNDA:44,(anonymous_32)
FNDA:17,(anonymous_33)
FNDA:44,(anonymous_34)
FNDA:17,(anonymous_35)
DA:16,1
DA:20,17
DA:22,17
DA:23,17
DA:26,1
DA:31,0
DA:32,0
DA:33,0
DA:39,0
DA:43,44
DA:44,44
DA:45,44
DA:46,44
DA:48,44
DA:49,13
DA:50,13
DA:51,13
DA:53,13
DA:54,13
DA:55,2
DA:60,13
DA:64,13
DA:65,13
DA:66,13
DA:68,0
DA:72,44
DA:73,1
DA:74,1
DA:75,1
DA:76,1
DA:78,1
DA:83,1
DA:84,1
DA:86,1
DA:88,0
DA:92,44
DA:93,2
DA:94,2
DA:95,2
DA:96,2
DA:102,2
DA:110,2
DA:111,2
DA:112,2
DA:114,2
DA:121,2
DA:127,0
DA:136,44
DA:137,1
DA:138,1
DA:139,1
DA:140,1
DA:145,1
DA:147,1
DA:148,1
DA:149,1
DA:151,1
DA:157,1
DA:163,0
DA:172,44
DA:173,10
DA:176,44
DA:177,44
DA:181,44
DA:182,44
DA:186,44
DA:187,44
DA:191,44
DA:192,44
DA:196,44
DA:197,13
DA:200,31
DA:201,0
DA:204,31
LF:74
LH:65
BRDA:19,0,0,14
BRDA:22,1,0,14
BRDA:23,2,0,17
BRDA:23,2,1,17
BRDA:30,3,0,0
BRDA:32,4,0,0
BRDA:32,4,1,0
BRDA:32,5,0,0
BRDA:32,5,1,0
BRDA:54,6,0,2
BRDA:54,6,1,11
BRDA:196,7,0,13
BRDA:196,7,1,31
BRDA:200,8,0,0
BRDA:200,8,1,31
BRDA:213,9,0,31
BRDA:213,9,1,20
BRF:17
BRH:11
end_of_record
TN:
SF:src\ToDo\ToDo.scss
FNF:0
FNH:0
DA:1,1
LF:1
LH:1
BRF:0
BRH:0
end_of_record
TN:
SF:src\ToDo\TodoFilter.jsx
FN:5,TodoFilter
FN:13,(anonymous_1)
FN:22,(anonymous_2)
FN:31,(anonymous_3)
FNF:4
FNH:4
FNDA:23,TodoFilter
FNDA:1,(anonymous_1)
FNDA:1,(anonymous_2)
FNDA:1,(anonymous_3)
DA:6,23
DA:13,1
DA:22,1
DA:31,1
DA:39,1
LF:5
LH:5
BRF:0
BRH:0
end_of_record
TN:
SF:src\ToDo\TodoList.jsx
FN:5,TodoList
FN:14,(anonymous_1)
FN:21,(anonymous_2)
FN:24,(anonymous_3)
FNF:4
FNH:4
FNDA:20,TodoList
FNDA:24,(anonymous_1)
FNDA:2,(anonymous_2)
FNDA:1,(anonymous_3)
DA:12,20
DA:15,24
DA:21,2
DA:24,1
DA:32,1
LF:5
LH:5
BRF:0
BRH:0
end_of_record
TN:
SF:src\ToDo\TodoListItem.jsx
FN:5,TodoListItem
FN:28,(anonymous_1)
FN:43,(anonymous_2)
FNF:3
FNH:3
FNDA:27,TodoListItem
FNDA:3,(anonymous_1)
FNDA:2,(anonymous_2)
DA:12,27
DA:28,3
DA:43,2
DA:51,2
DA:71,2
LF:5
LH:5
BRF:0
BRH:0
end_of_record
TN:
SF:src\ToDo\Todoform.jsx
FN:5,(anonymous_0)
FNF:1
FNH:1
FNDA:25,(anonymous_0)
DA:4,1
DA:6,25
DA:29,1
DA:38,1
LF:4
LH:4
BRF:0
BRH:0
end_of_record
TN:
SF:src\ToDo\utils\axiosInstance.js
FNF:0
FNH:0
DA:3,1
LF:1
LH:1
BRF:0
BRH:0
end_of_record
